<?xml version="1.0" encoding="UTF-8"?>
<testng-results ignored="0" total="1" passed="1" failed="0" skipped="0">
  <reporter-output>
  </reporter-output>
  <suite started-at="2022-02-24T05:20:23Z" name="Page Object Model" finished-at="2022-02-24T05:20:31Z" duration-ms="8880">
    <groups>
    </groups>
    <test started-at="2022-02-24T05:20:23Z" name="Login Test" finished-at="2022-02-24T05:20:31Z" duration-ms="8880">
      <class name="com.w2a.testcases.LoginTest">
        <test-method signature="loginTest()[pri:0, instance:com.w2a.testcases.LoginTest@1f38957]" started-at="2022-02-24T05:20:23Z" name="loginTest" finished-at="2022-02-24T05:20:30Z" duration-ms="7756" status="PASS">
          <reporter-output>
          </reporter-output>
        </test-method> <!-- loginTest -->
        <test-method is-config="true" signature="tearDown()[pri:0, instance:com.w2a.testcases.LoginTest@1f38957]" started-at="2022-02-24T05:20:32Z" name="tearDown" finished-at="2022-02-24T05:20:34Z" duration-ms="1520" status="PASS">
          <reporter-output>
          </reporter-output>
        </test-method> <!-- tearDown -->
      </class> <!-- com.w2a.testcases.LoginTest -->
    </test> <!-- Login Test -->
  </suite> <!-- Page Object Model -->
</testng-results>
