<?xml version="1.0" encoding="UTF-8"?>
<testng-results ignored="0" total="1" passed="1" failed="0" skipped="0">
  <reporter-output>
  </reporter-output>
  <suite started-at="2022-02-23T08:30:08Z" name="Page Object Model" finished-at="2022-02-23T08:30:29Z" duration-ms="20340">
    <groups>
    </groups>
    <test started-at="2022-02-23T08:30:08Z" name="Login Test" finished-at="2022-02-23T08:30:29Z" duration-ms="20340">
      <class name="com.w2a.testcases.LoginTest">
        <test-method signature="loginTest()[pri:0, instance:com.w2a.testcases.LoginTest@12958360]" started-at="2022-02-23T08:30:08Z" name="loginTest" finished-at="2022-02-23T08:30:27Z" duration-ms="19095" status="PASS">
          <reporter-output>
          </reporter-output>
        </test-method> <!-- loginTest -->
        <test-method is-config="true" signature="tearDown()[pri:0, instance:com.w2a.testcases.LoginTest@12958360]" started-at="2022-02-23T08:30:29Z" name="tearDown" finished-at="2022-02-23T08:30:33Z" duration-ms="3703" status="PASS">
          <reporter-output>
          </reporter-output>
        </test-method> <!-- tearDown -->
      </class> <!-- com.w2a.testcases.LoginTest -->
    </test> <!-- Login Test -->
  </suite> <!-- Page Object Model -->
</testng-results>
